Using pre-set license
Built from '2021.2/staging' branch; Version is '2021.2.7f1 (6bd9e232123f) revision 7068130'; Using compiler version '192829333'; Build Type 'Release'
OS: 'Windows 11  (10.0.22621) 64bit Core' Language: 'en' Physical Memory: 12153 MB
BatchMode: 1, IsHumanControllingUs: 0, StartBugReporterOnCrash: 0, Is64bit: 1, IsPro: 0

COMMAND LINE ARGUMENTS:
C:\Program Files\Unity\Hub\Editor\2021.2.7f1\Editor\Unity.exe
-adb2
-batchMode
-noUpm
-name
AssetImportWorker0
-projectPath
D:/My Work Portfolio/My Game 01
-logFile
Logs/AssetImportWorker0.log
-srvPort
52865
Successfully changed project path to: D:/My Work Portfolio/My Game 01
D:/My Work Portfolio/My Game 01
[UnityMemory] Configuration Parameters - Can be set up in boot.config
    "memorysetup-bucket-allocator-granularity=16"
    "memorysetup-bucket-allocator-bucket-count=8"
    "memorysetup-bucket-allocator-block-size=33554432"
    "memorysetup-bucket-allocator-block-count=8"
    "memorysetup-main-allocator-block-size=16777216"
    "memorysetup-thread-allocator-block-size=16777216"
    "memorysetup-gfx-main-allocator-block-size=16777216"
    "memorysetup-gfx-thread-allocator-block-size=16777216"
    "memorysetup-cache-allocator-block-size=4194304"
    "memorysetup-typetree-allocator-block-size=2097152"
    "memorysetup-profiler-bucket-allocator-granularity=16"
    "memorysetup-profiler-bucket-allocator-bucket-count=8"
    "memorysetup-profiler-bucket-allocator-block-size=33554432"
    "memorysetup-profiler-bucket-allocator-block-count=8"
    "memorysetup-profiler-allocator-block-size=16777216"
    "memorysetup-profiler-editor-allocator-block-size=1048576"
    "memorysetup-temp-allocator-size-main=16777216"
    "memorysetup-job-temp-allocator-block-size=2097152"
    "memorysetup-job-temp-allocator-block-size-background=1048576"
    "memorysetup-job-temp-allocator-reduction-small-platforms=262144"
    "memorysetup-temp-allocator-size-background-worker=32768"
    "memorysetup-temp-allocator-size-job-worker=262144"
    "memorysetup-temp-allocator-size-preload-manager=33554432"
    "memorysetup-temp-allocator-size-nav-mesh-worker=65536"
    "memorysetup-temp-allocator-size-audio-worker=65536"
    "memorysetup-temp-allocator-size-cloud-worker=32768"
    "memorysetup-temp-allocator-size-gi-baking-worker=262144"
    "memorysetup-temp-allocator-size-gfx=262144"
Default GameObject BitMask: UI already registered
Refreshing native plugins compatible for Editor in 99.31 ms, found 4 plugins.
Preloading 0 native plugins for Editor in 0.00 ms.
Initialize engine version: 2021.2.7f1 (6bd9e232123f)
[Subsystems] Discovering subsystems at path C:/Program Files/Unity/Hub/Editor/2021.2.7f1/Editor/Data/Resources/UnitySubsystems
[Subsystems] Discovering subsystems at path D:/My Work Portfolio/My Game 01/Assets
GfxDevice: creating device client; threaded=0; jobified=0
Direct3D:
    Version:  Direct3D 11.0 [level 11.1]
    Renderer: NVIDIA GeForce GTX 1650 SUPER (ID=0x2187)
    Vendor:   NVIDIA
    VRAM:     3943 MB
    Driver:   31.0.15.3130
Initialize mono
Mono path[0] = 'C:/Program Files/Unity/Hub/Editor/2021.2.7f1/Editor/Data/Managed'
Mono path[1] = 'C:/Program Files/Unity/Hub/Editor/2021.2.7f1/Editor/Data/MonoBleedingEdge/lib/mono/unityjit-win32'
Mono config path = 'C:/Program Files/Unity/Hub/Editor/2021.2.7f1/Editor/Data/MonoBleedingEdge/etc'
Using monoOptions --debugger-agent=transport=dt_socket,embedding=1,server=y,suspend=n,address=127.0.0.1:56220
Begin MonoManager ReloadAssembly
Registering precompiled unity dll's ...
Register platform support module: C:/Program Files/Unity/Hub/Editor/2021.2.7f1/Editor/Data/PlaybackEngines/WindowsStandaloneSupport/UnityEditor.WindowsStandalone.Extensions.dll
Registered in 0.006721 seconds.
Native extension for WindowsStandalone target not found
Refreshing native plugins compatible for Editor in 90.90 ms, found 4 plugins.
Preloading 0 native plugins for Editor in 0.00 ms.
Mono: successfully reloaded assembly
- Completed reload, in  0.678 seconds
Domain Reload Profiling:
	ReloadAssembly (679ms)
		BeginReloadAssembly (91ms)
			ExecutionOrderSort (0ms)
			DisableScriptedObjects (0ms)
			BackupInstance (0ms)
			ReleaseScriptingObjects (0ms)
			CreateAndSetChildDomain (1ms)
		EndReloadAssembly (500ms)
			LoadAssemblies (88ms)
			RebuildTransferFunctionScriptingTraits (0ms)
			SetupTypeCache (113ms)
			ReleaseScriptCaches (0ms)
			RebuildScriptCaches (27ms)
			SetupLoadedEditorAssemblies (303ms)
				LogAssemblyErrors (0ms)
				InitializePlatformSupportModulesInManaged (16ms)
				SetLoadedEditorAssemblies (0ms)
				RefreshPlugins (91ms)
				BeforeProcessingInitializeOnLoad (1ms)
				ProcessInitializeOnLoadAttributes (148ms)
				ProcessInitializeOnLoadMethodAttributes (46ms)
				AfterProcessingInitializeOnLoad (0ms)
				EditorAssembliesLoaded (0ms)
			ExecutionOrderSort2 (0ms)
			AwakeInstancesAfterBackupRestoration (0ms)
Platform modules already initialized, skipping
Registering precompiled user dll's ...
Registered in 0.005987 seconds.
Begin MonoManager ReloadAssembly
Symbol file LoadedFromMemory doesn't match image D:\My Work Portfolio\My Game 01\Library\PackageCache\com.unity.visualscripting@1.7.6\Editor\VisualScripting.Core\Dependencies\YamlDotNet\Unity.VisualScripting.YamlDotNet.dll
Symbol file LoadedFromMemory doesn't match image D:\My Work Portfolio\My Game 01\Library\PackageCache\com.unity.visualscripting@1.7.6\Editor\VisualScripting.Core\Dependencies\DotNetZip\Unity.VisualScripting.IonicZip.dll
Native extension for WindowsStandalone target not found
Refreshing native plugins compatible for Editor in 97.12 ms, found 4 plugins.
Preloading 0 native plugins for Editor in 0.00 ms.
Mono: successfully reloaded assembly
- Completed reload, in  1.727 seconds
Domain Reload Profiling:
	ReloadAssembly (1728ms)
		BeginReloadAssembly (117ms)
			ExecutionOrderSort (0ms)
			DisableScriptedObjects (6ms)
			BackupInstance (0ms)
			ReleaseScriptingObjects (0ms)
			CreateAndSetChildDomain (20ms)
		EndReloadAssembly (1514ms)
			LoadAssemblies (92ms)
			RebuildTransferFunctionScriptingTraits (0ms)
			SetupTypeCache (283ms)
			ReleaseScriptCaches (1ms)
			RebuildScriptCaches (57ms)
			SetupLoadedEditorAssemblies (1044ms)
				LogAssemblyErrors (0ms)
				InitializePlatformSupportModulesInManaged (11ms)
				SetLoadedEditorAssemblies (0ms)
				RefreshPlugins (97ms)
				BeforeProcessingInitializeOnLoad (103ms)
				ProcessInitializeOnLoadAttributes (791ms)
				ProcessInitializeOnLoadMethodAttributes (33ms)
				AfterProcessingInitializeOnLoad (9ms)
				EditorAssembliesLoaded (0ms)
			ExecutionOrderSort2 (0ms)
			AwakeInstancesAfterBackupRestoration (6ms)
Platform modules already initialized, skipping
========================================================================
Worker process is ready to serve import requests
Default GameObject BitMask: UI already registered
Launched and connected shader compiler UnityShaderCompiler.exe after 0.04 seconds
Refreshing native plugins compatible for Editor in 0.84 ms, found 4 plugins.
Preloading 0 native plugins for Editor in 0.00 ms.
Unloading 3943 Unused Serialized files (Serialized files now loaded: 0)
Unloading 42 unused Assets / (201.2 KB). Loaded Objects now: 4420.
Memory consumption went from 170.5 MB to 170.3 MB.
Total: 3.908500 ms (FindLiveObjects: 0.482300 ms CreateObjectMapping: 0.249500 ms MarkObjects: 3.012700 ms  DeleteObjects: 0.163100 ms)

AssetImportParameters requested are different than current active one (requested -> active):
  custom:video-decoder-ogg-theora: a1e56fd34408186e4bbccfd4996cb3dc -> 
  custom:container-muxer-webm: aa71ff27fc2769a1b78a27578f13a17b -> 
  custom:container-demuxer-webm: 4f35f7cbe854078d1ac9338744f61a02 -> 
  custom:video-encoder-webm-vp8: eb34c28f22e8b96e1ab97ce403110664 -> 
  custom:audio-encoder-webm-vorbis: bf7c407c2cedff20999df2af8eb42d56 -> 
  custom:framework-win-MediaFoundation: 216162199b28c13a410421893ffa2e32 -> 
  custom:container-demuxer-ogg: 62fdf1f143b41e24485cea50d1cbac27 -> 
  custom:video-decoder-webm-vp8: 9c59270c3fd7afecdb556c50c9e8de78 -> 
  custom:audio-decoder-ogg-vorbis: bf7c407c2cedff20999df2af8eb42d56 -> 
========================================================================
Received Import Request.
  Time since last request: 2837924.016347 seconds.
  path: Assets/True Explosions/Scenes/common
  artifactKey: Guid(e1d796c8554df0843958b9d781b70c68) Importer(815301076,1909f56bfc062723c751e8b465ee728b)
Start importing Assets/True Explosions/Scenes/common using Guid(e1d796c8554df0843958b9d781b70c68) Importer(815301076,1909f56bfc062723c751e8b465ee728b)  -> (artifact id: '1e2dfcb37686ef149c24260ca29b440d') in 0.016962 seconds 
========================================================================
Received Import Request.
  Time since last request: 0.000023 seconds.
  path: Assets/True Explosions/Scenes/common/Transparent.mat
  artifactKey: Guid(502c71aa56ec4594eafd546e33f8aec2) Importer(815301076,1909f56bfc062723c751e8b465ee728b)
Start importing Assets/True Explosions/Scenes/common/Transparent.mat using Guid(502c71aa56ec4594eafd546e33f8aec2) Importer(815301076,1909f56bfc062723c751e8b465ee728b)  -> (artifact id: '859a718fcafd7bf8c0131a0bcf3232c2') in 0.300394 seconds 
========================================================================
Received Import Request.
  Time since last request: 8.247379 seconds.
  path: Assets/True Explosions/Scenes/2dLabyrynth.unity
  artifactKey: Guid(d6ee80ee4918b324880f043cc434643f) Importer(815301076,1909f56bfc062723c751e8b465ee728b)
Start importing Assets/True Explosions/Scenes/2dLabyrynth.unity using Guid(d6ee80ee4918b324880f043cc434643f) Importer(815301076,1909f56bfc062723c751e8b465ee728b)  -> (artifact id: 'eda536aacf56abc0f2c5171dda80d44c') in 0.014411 seconds 
========================================================================
Received Import Request.
  Time since last request: 1.894954 seconds.
  path: Assets/True Explosions/Scenes/2dManyCubes.unity
  artifactKey: Guid(1c2d0ac26e263b04f8641a4843033570) Importer(815301076,1909f56bfc062723c751e8b465ee728b)
Start importing Assets/True Explosions/Scenes/2dManyCubes.unity using Guid(1c2d0ac26e263b04f8641a4843033570) Importer(815301076,1909f56bfc062723c751e8b465ee728b)  -> (artifact id: '1a630e8c94dadcd2342b7074212862fc') in 0.014246 seconds 
========================================================================
Received Import Request.
  Time since last request: 0.813372 seconds.
  path: Assets/True Explosions/Scenes/2dSecondTest.unity
  artifactKey: Guid(ce190ef527d8d9547a10b7d2eeb180c0) Importer(815301076,1909f56bfc062723c751e8b465ee728b)
Start importing Assets/True Explosions/Scenes/2dSecondTest.unity using Guid(ce190ef527d8d9547a10b7d2eeb180c0) Importer(815301076,1909f56bfc062723c751e8b465ee728b)  -> (artifact id: 'be4f128daaaa8abc7a1b266b7de1ec15') in 0.009997 seconds 
========================================================================
Received Import Request.
  Time since last request: 1.126290 seconds.
  path: Assets/True Explosions/Scenes/2dWallTest.unity
  artifactKey: Guid(882154edfc4045d4bad6023fdc93c09e) Importer(815301076,1909f56bfc062723c751e8b465ee728b)
Start importing Assets/True Explosions/Scenes/2dWallTest.unity using Guid(882154edfc4045d4bad6023fdc93c09e) Importer(815301076,1909f56bfc062723c751e8b465ee728b)  -> (artifact id: 'cc801eab7880319d28608b51ec479b58') in 0.010180 seconds 
========================================================================
Received Import Request.
  Time since last request: 1.936398 seconds.
  path: Assets/True Explosions/Scenes/bigObject.unity
  artifactKey: Guid(040fc1cb7bec0c6459a58621ff959a2c) Importer(815301076,1909f56bfc062723c751e8b465ee728b)
Start importing Assets/True Explosions/Scenes/bigObject.unity using Guid(040fc1cb7bec0c6459a58621ff959a2c) Importer(815301076,1909f56bfc062723c751e8b465ee728b)  -> (artifact id: '989e78eebbac63b3bd7e5011548747db') in 0.010663 seconds 
========================================================================
Received Import Request.
  Time since last request: 0.605910 seconds.
  path: Assets/True Explosions/Scenes/bigObject2.unity
  artifactKey: Guid(82b2662e2656fb642a4fbc02a021f344) Importer(815301076,1909f56bfc062723c751e8b465ee728b)
Start importing Assets/True Explosions/Scenes/bigObject2.unity using Guid(82b2662e2656fb642a4fbc02a021f344) Importer(815301076,1909f56bfc062723c751e8b465ee728b)  -> (artifact id: 'cf1065b8f05830879cd2194cca246831') in 0.009814 seconds 
========================================================================
Received Import Request.
  Time since last request: 1.005617 seconds.
  path: Assets/True Explosions/Scenes/bigObjectSettings.lighting
  artifactKey: Guid(6f6ff3e34f1f78b45912cc30c329e706) Importer(815301076,1909f56bfc062723c751e8b465ee728b)
Start importing Assets/True Explosions/Scenes/bigObjectSettings.lighting using Guid(6f6ff3e34f1f78b45912cc30c329e706) Importer(815301076,1909f56bfc062723c751e8b465ee728b) LightingSettings: switching bake backend from 1 to 0.
 -> (artifact id: '6410f33364e7b36142997ee491ec7f04') in 0.012307 seconds 
========================================================================
Received Import Request.
  Time since last request: 0.499121 seconds.
  path: Assets/True Explosions/Scenes/heatwaveNoGravity.unity
  artifactKey: Guid(5fc29393ca2d9664f867c9a7b613941f) Importer(815301076,1909f56bfc062723c751e8b465ee728b)
Start importing Assets/True Explosions/Scenes/heatwaveNoGravity.unity using Guid(5fc29393ca2d9664f867c9a7b613941f) Importer(815301076,1909f56bfc062723c751e8b465ee728b)  -> (artifact id: '7b9e3b77bfaabcf8a7108d2659a0e76d') in 0.009825 seconds 
========================================================================
Received Import Request.
  Time since last request: 19.728625 seconds.
  path: Assets/Scenes/Menu.unity
  artifactKey: Guid(9d6a8ea642334d943bbbcae5de0bff51) Importer(815301076,1909f56bfc062723c751e8b465ee728b)
Start importing Assets/Scenes/Menu.unity using Guid(9d6a8ea642334d943bbbcae5de0bff51) Importer(815301076,1909f56bfc062723c751e8b465ee728b)  -> (artifact id: 'c98e711bf849e389500d969271e1e7ac') in 0.010021 seconds 
========================================================================
Received Import Request.
  Time since last request: 6.599755 seconds.
  path: Assets/True Explosions/System/Textures/explosionramp.png
  artifactKey: Guid(0a0ba9435f219a14c902e555e87b746d) Importer(815301076,1909f56bfc062723c751e8b465ee728b)
Start importing Assets/True Explosions/System/Textures/explosionramp.png using Guid(0a0ba9435f219a14c902e555e87b746d) Importer(815301076,1909f56bfc062723c751e8b465ee728b)  -> (artifact id: '4e2b8487a073f83b26cc7b2de18a47b9') in 0.143243 seconds 
========================================================================
Received Import Request.
  Time since last request: 0.000037 seconds.
  path: Assets/True Explosions/System/Textures/volumetricDisplacement.png
  artifactKey: Guid(d13e70c39a64a78478d2cb5474c15d91) Importer(815301076,1909f56bfc062723c751e8b465ee728b)
Start importing Assets/True Explosions/System/Textures/volumetricDisplacement.png using Guid(d13e70c39a64a78478d2cb5474c15d91) Importer(815301076,1909f56bfc062723c751e8b465ee728b)  -> (artifact id: '15222fdb7c8c6188352947f027e080ba') in 0.043348 seconds 
========================================================================
Received Import Request.
  Time since last request: 3.101296 seconds.
  path: Assets/True Explosions/System/Materials/VolumeExplosion.mat
  artifactKey: Guid(7798d374be4d1db4882b9c2ae24b92d4) Importer(815301076,1909f56bfc062723c751e8b465ee728b)
Start importing Assets/True Explosions/System/Materials/VolumeExplosion.mat using Guid(7798d374be4d1db4882b9c2ae24b92d4) Importer(815301076,1909f56bfc062723c751e8b465ee728b)  -> (artifact id: '1075358315186141de2564aaf4e2c4fc') in 0.135337 seconds 
========================================================================
Received Prepare
Default GameObject BitMask: UI already registered
Registering precompiled user dll's ...
Registered in 0.007512 seconds.
Begin MonoManager ReloadAssembly
Symbol file LoadedFromMemory doesn't match image D:\My Work Portfolio\My Game 01\Library\PackageCache\com.unity.visualscripting@1.7.6\Editor\VisualScripting.Core\Dependencies\YamlDotNet\Unity.VisualScripting.YamlDotNet.dll
Symbol file LoadedFromMemory doesn't match image D:\My Work Portfolio\My Game 01\Library\PackageCache\com.unity.visualscripting@1.7.6\Editor\VisualScripting.Core\Dependencies\DotNetZip\Unity.VisualScripting.IonicZip.dll
Native extension for WindowsStandalone target not found
Refreshing native plugins compatible for Editor in 0.81 ms, found 4 plugins.
Preloading 0 native plugins for Editor in 0.00 ms.
Mono: successfully reloaded assembly
- Completed reload, in  1.135 seconds
Domain Reload Profiling:
	ReloadAssembly (1135ms)
		BeginReloadAssembly (149ms)
			ExecutionOrderSort (0ms)
			DisableScriptedObjects (6ms)
			BackupInstance (0ms)
			ReleaseScriptingObjects (0ms)
			CreateAndSetChildDomain (39ms)
		EndReloadAssembly (887ms)
			LoadAssemblies (92ms)
			RebuildTransferFunctionScriptingTraits (0ms)
			SetupTypeCache (243ms)
			ReleaseScriptCaches (1ms)
			RebuildScriptCaches (45ms)
			SetupLoadedEditorAssemblies (434ms)
				LogAssemblyErrors (0ms)
				InitializePlatformSupportModulesInManaged (12ms)
				SetLoadedEditorAssemblies (0ms)
				RefreshPlugins (1ms)
				BeforeProcessingInitializeOnLoad (66ms)
				ProcessInitializeOnLoadAttributes (315ms)
				ProcessInitializeOnLoadMethodAttributes (30ms)
				AfterProcessingInitializeOnLoad (10ms)
				EditorAssembliesLoaded (0ms)
			ExecutionOrderSort2 (0ms)
			AwakeInstancesAfterBackupRestoration (13ms)
Platform modules already initialized, skipping
Refreshing native plugins compatible for Editor in 0.92 ms, found 4 plugins.
Preloading 0 native plugins for Editor in 0.00 ms.
Unloading 3926 Unused Serialized files (Serialized files now loaded: 0)
Unloading 32 unused Assets / (194.6 KB). Loaded Objects now: 4494.
Memory consumption went from 176.1 MB to 175.9 MB.
Total: 4.616900 ms (FindLiveObjects: 0.462900 ms CreateObjectMapping: 0.327200 ms MarkObjects: 3.652200 ms  DeleteObjects: 0.173200 ms)

AssetImportParameters requested are different than current active one (requested -> active):
  custom:video-decoder-ogg-theora: a1e56fd34408186e4bbccfd4996cb3dc -> 
  custom:container-muxer-webm: aa71ff27fc2769a1b78a27578f13a17b -> 
  custom:container-demuxer-webm: 4f35f7cbe854078d1ac9338744f61a02 -> 
  custom:video-encoder-webm-vp8: eb34c28f22e8b96e1ab97ce403110664 -> 
  custom:audio-encoder-webm-vorbis: bf7c407c2cedff20999df2af8eb42d56 -> 
  custom:framework-win-MediaFoundation: 216162199b28c13a410421893ffa2e32 -> 
  custom:container-demuxer-ogg: 62fdf1f143b41e24485cea50d1cbac27 -> 
  custom:video-decoder-webm-vp8: 9c59270c3fd7afecdb556c50c9e8de78 -> 
  custom:audio-decoder-ogg-vorbis: bf7c407c2cedff20999df2af8eb42d56 -> 
========================================================================
Received Prepare
Default GameObject BitMask: UI already registered
Refreshing native plugins compatible for Editor in 4.12 ms, found 4 plugins.
Preloading 0 native plugins for Editor in 0.00 ms.
Unloading 30 Unused Serialized files (Serialized files now loaded: 0)
Unloading 30 unused Assets / (192.2 KB). Loaded Objects now: 4494.
Memory consumption went from 98.1 MB to 97.9 MB.
Total: 3.390400 ms (FindLiveObjects: 0.347400 ms CreateObjectMapping: 0.282700 ms MarkObjects: 2.606000 ms  DeleteObjects: 0.153500 ms)

AssetImportParameters requested are different than current active one (requested -> active):
  custom:video-decoder-ogg-theora: a1e56fd34408186e4bbccfd4996cb3dc -> 
  custom:container-muxer-webm: aa71ff27fc2769a1b78a27578f13a17b -> 
  custom:container-demuxer-webm: 4f35f7cbe854078d1ac9338744f61a02 -> 
  custom:video-encoder-webm-vp8: eb34c28f22e8b96e1ab97ce403110664 -> 
  custom:audio-encoder-webm-vorbis: bf7c407c2cedff20999df2af8eb42d56 -> 
  custom:framework-win-MediaFoundation: 216162199b28c13a410421893ffa2e32 -> 
  custom:container-demuxer-ogg: 62fdf1f143b41e24485cea50d1cbac27 -> 
  custom:video-decoder-webm-vp8: 9c59270c3fd7afecdb556c50c9e8de78 -> 
  custom:audio-decoder-ogg-vorbis: bf7c407c2cedff20999df2af8eb42d56 -> 
